2024-08-21 22:14:47,874 CRIT Supervisor is running as root.  Privileges were not dropped because no user is specified in the config file.  If you intend to run as root, you can set user=root in the config file to avoid this message.
2024-08-21 22:14:47,900 INFO supervisord started with pid 1
2024-08-21 22:14:48,911 INFO spawned: 'laravel-worker_00' with pid 7
2024-08-21 22:14:48,918 INFO spawned: 'laravel-worker_01' with pid 8
2024-08-21 22:14:48,949 INFO spawned: 'laravel-worker_02' with pid 9
2024-08-21 22:14:48,974 INFO spawned: 'laravel-worker_03' with pid 10
2024-08-21 22:14:48,994 INFO spawned: 'php-fpm' with pid 11
2024-08-21 22:14:49,005 WARN exited: laravel-worker_02 (exit status 1; not expected)
2024-08-21 22:14:49,007 WARN exited: laravel-worker_00 (exit status 1; not expected)
2024-08-21 22:14:49,018 WARN exited: laravel-worker_01 (exit status 1; not expected)
2024-08-21 22:14:49,135 WARN exited: laravel-worker_03 (exit status 1; not expected)
2024-08-21 22:14:50,142 INFO spawned: 'laravel-worker_00' with pid 14
2024-08-21 22:14:50,147 INFO spawned: 'laravel-worker_01' with pid 15
2024-08-21 22:14:50,153 INFO spawned: 'laravel-worker_02' with pid 16
2024-08-21 22:14:50,165 INFO spawned: 'laravel-worker_03' with pid 17
2024-08-21 22:14:50,170 INFO success: php-fpm entered RUNNING state, process has stayed up for > than 1 seconds (startsecs)
2024-08-21 22:14:50,182 WARN exited: laravel-worker_00 (exit status 1; not expected)
2024-08-21 22:14:50,190 WARN exited: laravel-worker_01 (exit status 1; not expected)
2024-08-21 22:14:50,192 WARN exited: laravel-worker_02 (exit status 1; not expected)
2024-08-21 22:14:50,211 WARN exited: laravel-worker_03 (exit status 1; not expected)
2024-08-21 22:14:52,228 INFO spawned: 'laravel-worker_00' with pid 18
2024-08-21 22:14:52,232 INFO spawned: 'laravel-worker_01' with pid 19
2024-08-21 22:14:52,235 INFO spawned: 'laravel-worker_02' with pid 20
2024-08-21 22:14:52,237 INFO spawned: 'laravel-worker_03' with pid 21
2024-08-21 22:14:52,277 WARN exited: laravel-worker_00 (exit status 1; not expected)
2024-08-21 22:14:52,278 WARN exited: laravel-worker_01 (exit status 1; not expected)
2024-08-21 22:14:52,284 WARN exited: laravel-worker_02 (exit status 1; not expected)
2024-08-21 22:14:52,288 WARN exited: laravel-worker_03 (exit status 1; not expected)
2024-08-21 22:14:55,302 INFO spawned: 'laravel-worker_00' with pid 22
2024-08-21 22:14:55,309 INFO spawned: 'laravel-worker_01' with pid 23
2024-08-21 22:14:55,318 INFO spawned: 'laravel-worker_02' with pid 24
2024-08-21 22:14:55,320 INFO spawned: 'laravel-worker_03' with pid 25
2024-08-21 22:14:55,332 WARN exited: laravel-worker_00 (exit status 1; not expected)
2024-08-21 22:14:55,333 INFO gave up: laravel-worker_00 entered FATAL state, too many start retries too quickly
2024-08-21 22:14:55,341 WARN exited: laravel-worker_01 (exit status 1; not expected)
2024-08-21 22:14:55,344 INFO gave up: laravel-worker_01 entered FATAL state, too many start retries too quickly
2024-08-21 22:14:55,345 WARN exited: laravel-worker_02 (exit status 1; not expected)
2024-08-21 22:14:55,346 WARN exited: laravel-worker_03 (exit status 1; not expected)
2024-08-21 22:14:55,347 INFO gave up: laravel-worker_02 entered FATAL state, too many start retries too quickly
2024-08-21 22:14:55,348 INFO gave up: laravel-worker_03 entered FATAL state, too many start retries too quickly
2024-08-21 22:18:24,097 WARN received SIGQUIT indicating exit request
2024-08-21 22:18:24,110 INFO waiting for php-fpm to die
2024-08-21 22:18:25,168 INFO stopped: php-fpm (exit status 0)
2024-08-21 22:18:38,917 CRIT Supervisor is running as root.  Privileges were not dropped because no user is specified in the config file.  If you intend to run as root, you can set user=root in the config file to avoid this message.
2024-08-21 22:18:38,919 INFO supervisord started with pid 1
2024-08-21 22:18:39,922 INFO spawned: 'laravel-worker_00' with pid 7
2024-08-21 22:18:39,923 INFO spawned: 'laravel-worker_01' with pid 8
2024-08-21 22:18:39,927 INFO spawned: 'laravel-worker_02' with pid 9
2024-08-21 22:18:39,931 INFO spawned: 'laravel-worker_03' with pid 10
2024-08-21 22:18:39,937 INFO spawned: 'php-fpm' with pid 11
2024-08-21 22:18:39,941 WARN exited: laravel-worker_01 (exit status 1; not expected)
2024-08-21 22:18:39,943 WARN exited: laravel-worker_00 (exit status 1; not expected)
2024-08-21 22:18:39,947 WARN exited: laravel-worker_02 (exit status 1; not expected)
2024-08-21 22:18:39,947 WARN exited: laravel-worker_03 (exit status 1; not expected)
2024-08-21 22:18:40,972 INFO spawned: 'laravel-worker_00' with pid 14
2024-08-21 22:18:40,975 INFO spawned: 'laravel-worker_01' with pid 15
2024-08-21 22:18:40,976 INFO spawned: 'laravel-worker_02' with pid 16
2024-08-21 22:18:40,979 INFO spawned: 'laravel-worker_03' with pid 17
2024-08-21 22:18:40,979 INFO success: php-fpm entered RUNNING state, process has stayed up for > than 1 seconds (startsecs)
2024-08-21 22:18:40,989 WARN exited: laravel-worker_00 (exit status 1; not expected)
2024-08-21 22:18:40,991 WARN exited: laravel-worker_01 (exit status 1; not expected)
2024-08-21 22:18:40,991 WARN exited: laravel-worker_02 (exit status 1; not expected)
2024-08-21 22:18:40,993 WARN exited: laravel-worker_03 (exit status 1; not expected)
2024-08-21 22:18:43,003 INFO spawned: 'laravel-worker_00' with pid 18
2024-08-21 22:18:43,004 INFO spawned: 'laravel-worker_01' with pid 19
2024-08-21 22:18:43,006 INFO spawned: 'laravel-worker_02' with pid 20
2024-08-21 22:18:43,008 INFO spawned: 'laravel-worker_03' with pid 21
2024-08-21 22:18:43,020 WARN exited: laravel-worker_01 (exit status 1; not expected)
2024-08-21 22:18:43,020 WARN exited: laravel-worker_00 (exit status 1; not expected)
2024-08-21 22:18:43,020 WARN exited: laravel-worker_02 (exit status 1; not expected)
2024-08-21 22:18:43,024 WARN exited: laravel-worker_03 (exit status 1; not expected)
2024-08-21 22:18:46,035 INFO spawned: 'laravel-worker_00' with pid 22
2024-08-21 22:18:46,037 INFO spawned: 'laravel-worker_01' with pid 23
2024-08-21 22:18:46,038 INFO spawned: 'laravel-worker_02' with pid 24
2024-08-21 22:18:46,043 INFO spawned: 'laravel-worker_03' with pid 25
2024-08-21 22:18:46,056 WARN exited: laravel-worker_00 (exit status 1; not expected)
2024-08-21 22:18:46,056 WARN exited: laravel-worker_01 (exit status 1; not expected)
2024-08-21 22:18:46,056 WARN exited: laravel-worker_02 (exit status 1; not expected)
2024-08-21 22:18:46,057 INFO gave up: laravel-worker_00 entered FATAL state, too many start retries too quickly
2024-08-21 22:18:46,057 INFO gave up: laravel-worker_01 entered FATAL state, too many start retries too quickly
2024-08-21 22:18:46,057 INFO gave up: laravel-worker_02 entered FATAL state, too many start retries too quickly
2024-08-21 22:18:46,060 WARN exited: laravel-worker_03 (exit status 1; not expected)
2024-08-21 22:18:47,062 INFO gave up: laravel-worker_03 entered FATAL state, too many start retries too quickly
2024-08-24 19:17:23,850 WARN received SIGQUIT indicating exit request
2024-08-24 19:17:23,860 INFO waiting for php-fpm to die
2024-08-24 19:17:23,903 INFO stopped: php-fpm (exit status 0)
2024-08-24 19:17:45,686 CRIT Supervisor is running as root.  Privileges were not dropped because no user is specified in the config file.  If you intend to run as root, you can set user=root in the config file to avoid this message.
2024-08-24 19:17:45,691 INFO supervisord started with pid 1
2024-08-24 19:17:46,698 INFO spawned: 'laravel-worker_00' with pid 7
2024-08-24 19:17:46,701 INFO spawned: 'laravel-worker_01' with pid 8
2024-08-24 19:17:46,705 INFO spawned: 'laravel-worker_02' with pid 9
2024-08-24 19:17:46,709 INFO spawned: 'laravel-worker_03' with pid 10
2024-08-24 19:17:46,711 INFO spawned: 'php-fpm' with pid 11
2024-08-24 19:17:46,730 WARN exited: laravel-worker_00 (exit status 1; not expected)
2024-08-24 19:17:46,733 WARN exited: laravel-worker_02 (exit status 1; not expected)
2024-08-24 19:17:46,735 WARN exited: laravel-worker_03 (exit status 1; not expected)
2024-08-24 19:17:46,737 WARN exited: laravel-worker_01 (exit status 1; not expected)
2024-08-24 19:17:47,755 INFO spawned: 'laravel-worker_00' with pid 14
2024-08-24 19:17:47,757 INFO spawned: 'laravel-worker_01' with pid 15
2024-08-24 19:17:47,759 INFO spawned: 'laravel-worker_02' with pid 16
2024-08-24 19:17:47,761 INFO spawned: 'laravel-worker_03' with pid 17
2024-08-24 19:17:47,762 INFO success: php-fpm entered RUNNING state, process has stayed up for > than 1 seconds (startsecs)
2024-08-24 19:17:47,777 WARN exited: laravel-worker_01 (exit status 1; not expected)
2024-08-24 19:17:47,778 WARN exited: laravel-worker_00 (exit status 1; not expected)
2024-08-24 19:17:47,778 WARN exited: laravel-worker_02 (exit status 1; not expected)
2024-08-24 19:17:47,782 WARN exited: laravel-worker_03 (exit status 1; not expected)
2024-08-24 19:17:49,789 INFO spawned: 'laravel-worker_00' with pid 18
2024-08-24 19:17:49,793 INFO spawned: 'laravel-worker_01' with pid 19
2024-08-24 19:17:49,801 INFO spawned: 'laravel-worker_02' with pid 20
2024-08-24 19:17:49,814 INFO spawned: 'laravel-worker_03' with pid 21
2024-08-24 19:17:49,817 WARN exited: laravel-worker_00 (exit status 1; not expected)
2024-08-24 19:17:49,820 WARN exited: laravel-worker_01 (exit status 1; not expected)
2024-08-24 19:17:49,828 WARN exited: laravel-worker_02 (exit status 1; not expected)
2024-08-24 19:17:49,831 WARN exited: laravel-worker_03 (exit status 1; not expected)
2024-08-24 19:17:52,844 INFO spawned: 'laravel-worker_00' with pid 22
2024-08-24 19:17:52,849 INFO spawned: 'laravel-worker_01' with pid 23
2024-08-24 19:17:52,852 INFO spawned: 'laravel-worker_02' with pid 24
2024-08-24 19:17:52,854 INFO spawned: 'laravel-worker_03' with pid 25
2024-08-24 19:17:52,875 WARN exited: laravel-worker_00 (exit status 1; not expected)
2024-08-24 19:17:52,876 WARN exited: laravel-worker_01 (exit status 1; not expected)
2024-08-24 19:17:52,876 INFO gave up: laravel-worker_00 entered FATAL state, too many start retries too quickly
2024-08-24 19:17:52,877 INFO gave up: laravel-worker_01 entered FATAL state, too many start retries too quickly
2024-08-24 19:17:52,877 WARN exited: laravel-worker_02 (exit status 1; not expected)
2024-08-24 19:17:52,878 WARN exited: laravel-worker_03 (exit status 1; not expected)
2024-08-24 19:17:52,878 INFO gave up: laravel-worker_02 entered FATAL state, too many start retries too quickly
2024-08-24 19:17:52,878 INFO gave up: laravel-worker_03 entered FATAL state, too many start retries too quickly
2024-08-24 19:18:43,059 WARN received SIGQUIT indicating exit request
2024-08-24 19:18:43,069 INFO waiting for php-fpm to die
2024-08-24 19:18:44,099 INFO stopped: php-fpm (exit status 0)
2024-08-24 19:19:03,558 CRIT Supervisor is running as root.  Privileges were not dropped because no user is specified in the config file.  If you intend to run as root, you can set user=root in the config file to avoid this message.
2024-08-24 19:19:03,564 INFO supervisord started with pid 1
2024-08-24 19:19:04,568 INFO spawned: 'laravel-worker_00' with pid 7
2024-08-24 19:19:04,570 INFO spawned: 'laravel-worker_01' with pid 8
2024-08-24 19:19:04,572 INFO spawned: 'laravel-worker_02' with pid 9
2024-08-24 19:19:04,574 INFO spawned: 'laravel-worker_03' with pid 10
2024-08-24 19:19:04,576 INFO spawned: 'php-fpm' with pid 11
2024-08-24 19:19:04,594 WARN exited: laravel-worker_00 (exit status 1; not expected)
2024-08-24 19:19:04,596 WARN exited: laravel-worker_01 (exit status 1; not expected)
2024-08-24 19:19:04,597 WARN exited: laravel-worker_02 (exit status 1; not expected)
2024-08-24 19:19:04,598 WARN exited: laravel-worker_03 (exit status 1; not expected)
2024-08-24 19:19:05,614 INFO spawned: 'laravel-worker_00' with pid 14
2024-08-24 19:19:05,615 INFO spawned: 'laravel-worker_01' with pid 15
2024-08-24 19:19:05,616 INFO spawned: 'laravel-worker_02' with pid 16
2024-08-24 19:19:05,619 INFO spawned: 'laravel-worker_03' with pid 17
2024-08-24 19:19:05,620 INFO success: php-fpm entered RUNNING state, process has stayed up for > than 1 seconds (startsecs)
2024-08-24 19:19:05,631 WARN exited: laravel-worker_00 (exit status 1; not expected)
2024-08-24 19:19:05,631 WARN exited: laravel-worker_01 (exit status 1; not expected)
2024-08-24 19:19:05,631 WARN exited: laravel-worker_02 (exit status 1; not expected)
2024-08-24 19:19:05,633 WARN exited: laravel-worker_03 (exit status 1; not expected)
2024-08-24 19:19:07,641 INFO spawned: 'laravel-worker_00' with pid 18
2024-08-24 19:19:07,645 INFO spawned: 'laravel-worker_01' with pid 19
2024-08-24 19:19:07,646 INFO spawned: 'laravel-worker_02' with pid 20
2024-08-24 19:19:07,648 INFO spawned: 'laravel-worker_03' with pid 21
2024-08-24 19:19:07,660 WARN exited: laravel-worker_00 (exit status 1; not expected)
2024-08-24 19:19:07,661 WARN exited: laravel-worker_01 (exit status 1; not expected)
2024-08-24 19:19:07,662 WARN exited: laravel-worker_02 (exit status 1; not expected)
2024-08-24 19:19:07,666 WARN exited: laravel-worker_03 (exit status 1; not expected)
2024-08-24 19:19:10,678 INFO spawned: 'laravel-worker_00' with pid 22
2024-08-24 19:19:10,682 INFO spawned: 'laravel-worker_01' with pid 23
2024-08-24 19:19:10,684 INFO spawned: 'laravel-worker_02' with pid 24
2024-08-24 19:19:10,687 INFO spawned: 'laravel-worker_03' with pid 25
2024-08-24 19:19:10,730 WARN exited: laravel-worker_00 (exit status 1; not expected)
2024-08-24 19:19:10,731 WARN exited: laravel-worker_01 (exit status 1; not expected)
2024-08-24 19:19:10,731 WARN exited: laravel-worker_02 (exit status 1; not expected)
2024-08-24 19:19:10,731 WARN exited: laravel-worker_03 (exit status 1; not expected)
2024-08-24 19:19:10,731 INFO gave up: laravel-worker_00 entered FATAL state, too many start retries too quickly
2024-08-24 19:19:10,732 INFO gave up: laravel-worker_01 entered FATAL state, too many start retries too quickly
2024-08-24 19:19:10,732 INFO gave up: laravel-worker_02 entered FATAL state, too many start retries too quickly
2024-08-24 19:19:10,732 INFO gave up: laravel-worker_03 entered FATAL state, too many start retries too quickly
2024-08-24 19:44:52,237 WARN received SIGQUIT indicating exit request
2024-08-24 19:44:52,241 INFO waiting for php-fpm to die
2024-08-24 19:44:52,269 INFO stopped: php-fpm (exit status 0)
2024-08-24 19:45:27,586 CRIT Supervisor is running as root.  Privileges were not dropped because no user is specified in the config file.  If you intend to run as root, you can set user=root in the config file to avoid this message.
2024-08-24 19:45:27,592 INFO supervisord started with pid 1
2024-08-24 19:45:28,597 INFO spawned: 'laravel-worker_00' with pid 7
2024-08-24 19:45:28,600 INFO spawned: 'laravel-worker_01' with pid 8
2024-08-24 19:45:28,603 INFO spawned: 'laravel-worker_02' with pid 9
2024-08-24 19:45:28,608 INFO spawned: 'laravel-worker_03' with pid 10
2024-08-24 19:45:28,611 INFO spawned: 'php-fpm' with pid 11
2024-08-24 19:45:28,628 WARN exited: laravel-worker_00 (exit status 1; not expected)
2024-08-24 19:45:28,629 WARN exited: laravel-worker_01 (exit status 1; not expected)
2024-08-24 19:45:28,631 WARN exited: laravel-worker_02 (exit status 1; not expected)
2024-08-24 19:45:28,639 WARN exited: laravel-worker_03 (exit status 1; not expected)
2024-08-24 19:45:29,665 INFO spawned: 'laravel-worker_00' with pid 14
2024-08-24 19:45:29,666 INFO spawned: 'laravel-worker_01' with pid 15
2024-08-24 19:45:29,668 INFO spawned: 'laravel-worker_02' with pid 16
2024-08-24 19:45:29,671 INFO spawned: 'laravel-worker_03' with pid 17
2024-08-24 19:45:29,674 INFO success: php-fpm entered RUNNING state, process has stayed up for > than 1 seconds (startsecs)
2024-08-24 19:45:29,687 WARN exited: laravel-worker_00 (exit status 1; not expected)
2024-08-24 19:45:29,687 WARN exited: laravel-worker_01 (exit status 1; not expected)
2024-08-24 19:45:29,689 WARN exited: laravel-worker_02 (exit status 1; not expected)
2024-08-24 19:45:29,691 WARN exited: laravel-worker_03 (exit status 1; not expected)
2024-08-24 19:45:31,696 INFO spawned: 'laravel-worker_00' with pid 18
2024-08-24 19:45:31,697 INFO spawned: 'laravel-worker_01' with pid 19
2024-08-24 19:45:31,702 INFO spawned: 'laravel-worker_02' with pid 20
2024-08-24 19:45:31,706 INFO spawned: 'laravel-worker_03' with pid 21
2024-08-24 19:45:31,714 WARN exited: laravel-worker_00 (exit status 1; not expected)
2024-08-24 19:45:31,714 WARN exited: laravel-worker_01 (exit status 1; not expected)
2024-08-24 19:45:31,720 WARN exited: laravel-worker_02 (exit status 1; not expected)
2024-08-24 19:45:31,722 WARN exited: laravel-worker_03 (exit status 1; not expected)
2024-08-24 19:45:34,735 INFO spawned: 'laravel-worker_00' with pid 22
2024-08-24 19:45:34,738 INFO spawned: 'laravel-worker_01' with pid 23
2024-08-24 19:45:34,741 INFO spawned: 'laravel-worker_02' with pid 24
2024-08-24 19:45:34,744 INFO spawned: 'laravel-worker_03' with pid 25
2024-08-24 19:45:34,760 WARN exited: laravel-worker_00 (exit status 1; not expected)
2024-08-24 19:45:34,760 WARN exited: laravel-worker_01 (exit status 1; not expected)
2024-08-24 19:45:34,761 INFO gave up: laravel-worker_00 entered FATAL state, too many start retries too quickly
2024-08-24 19:45:34,761 INFO gave up: laravel-worker_01 entered FATAL state, too many start retries too quickly
2024-08-24 19:45:34,762 WARN exited: laravel-worker_02 (exit status 1; not expected)
2024-08-24 19:45:34,762 INFO gave up: laravel-worker_02 entered FATAL state, too many start retries too quickly
2024-08-24 19:45:34,767 WARN exited: laravel-worker_03 (exit status 1; not expected)
2024-08-24 19:45:35,773 INFO gave up: laravel-worker_03 entered FATAL state, too many start retries too quickly
2024-08-24 20:21:18,848 CRIT Supervisor is running as root.  Privileges were not dropped because no user is specified in the config file.  If you intend to run as root, you can set user=root in the config file to avoid this message.
2024-08-24 20:21:18,853 INFO supervisord started with pid 31
2024-08-24 20:21:19,863 INFO spawned: 'laravel-worker_00' with pid 32
2024-08-24 20:21:19,871 INFO spawned: 'laravel-worker_01' with pid 33
2024-08-24 20:21:19,878 INFO spawned: 'laravel-worker_02' with pid 34
2024-08-24 20:21:19,888 INFO spawned: 'laravel-worker_03' with pid 35
2024-08-24 20:21:19,894 INFO spawned: 'php-fpm' with pid 36
2024-08-24 20:21:19,915 WARN exited: laravel-worker_01 (exit status 1; not expected)
2024-08-24 20:21:19,916 WARN exited: laravel-worker_00 (exit status 1; not expected)
2024-08-24 20:21:19,916 WARN exited: laravel-worker_02 (exit status 1; not expected)
2024-08-24 20:21:19,917 WARN exited: laravel-worker_03 (exit status 1; not expected)
2024-08-24 20:21:20,939 INFO spawned: 'laravel-worker_00' with pid 39
2024-08-24 20:21:20,943 INFO spawned: 'laravel-worker_01' with pid 40
2024-08-24 20:21:20,951 INFO spawned: 'laravel-worker_02' with pid 41
2024-08-24 20:21:20,957 INFO spawned: 'laravel-worker_03' with pid 42
2024-08-24 20:21:20,958 INFO success: php-fpm entered RUNNING state, process has stayed up for > than 1 seconds (startsecs)
2024-08-24 20:21:20,969 WARN exited: laravel-worker_00 (exit status 1; not expected)
2024-08-24 20:21:20,972 WARN exited: laravel-worker_01 (exit status 1; not expected)
2024-08-24 20:21:20,975 WARN exited: laravel-worker_02 (exit status 1; not expected)
2024-08-24 20:21:20,978 WARN exited: laravel-worker_03 (exit status 1; not expected)
2024-08-24 20:21:22,992 INFO spawned: 'laravel-worker_00' with pid 43
2024-08-24 20:21:23,001 INFO spawned: 'laravel-worker_01' with pid 44
2024-08-24 20:21:23,006 INFO spawned: 'laravel-worker_02' with pid 45
2024-08-24 20:21:23,009 INFO spawned: 'laravel-worker_03' with pid 46
2024-08-24 20:21:23,027 WARN exited: laravel-worker_00 (exit status 1; not expected)
2024-08-24 20:21:23,030 WARN exited: laravel-worker_01 (exit status 1; not expected)
2024-08-24 20:21:23,031 WARN exited: laravel-worker_02 (exit status 1; not expected)
2024-08-24 20:21:23,034 WARN exited: laravel-worker_03 (exit status 1; not expected)
2024-08-24 20:21:26,049 INFO spawned: 'laravel-worker_00' with pid 47
2024-08-24 20:21:26,055 INFO spawned: 'laravel-worker_01' with pid 48
2024-08-24 20:21:26,058 INFO spawned: 'laravel-worker_02' with pid 49
2024-08-24 20:21:26,067 INFO spawned: 'laravel-worker_03' with pid 50
2024-08-24 20:21:26,084 WARN exited: laravel-worker_00 (exit status 1; not expected)
2024-08-24 20:21:26,085 INFO gave up: laravel-worker_00 entered FATAL state, too many start retries too quickly
2024-08-24 20:21:26,088 WARN exited: laravel-worker_01 (exit status 1; not expected)
2024-08-24 20:21:26,088 WARN exited: laravel-worker_02 (exit status 1; not expected)
2024-08-24 20:21:26,089 INFO gave up: laravel-worker_01 entered FATAL state, too many start retries too quickly
2024-08-24 20:21:26,089 INFO gave up: laravel-worker_02 entered FATAL state, too many start retries too quickly
2024-08-24 20:21:26,092 WARN exited: laravel-worker_03 (exit status 1; not expected)
2024-08-24 20:21:27,095 INFO gave up: laravel-worker_03 entered FATAL state, too many start retries too quickly
2024-08-24 20:22:17,328 WARN received SIGINT indicating exit request
2024-08-24 20:22:17,333 INFO waiting for php-fpm to die
2024-08-24 20:22:18,364 INFO stopped: php-fpm (exit status 0)
2024-08-24 20:26:40,684 WARN received SIGQUIT indicating exit request
2024-08-24 20:26:40,691 INFO waiting for php-fpm to die
2024-08-24 20:26:41,722 INFO stopped: php-fpm (exit status 0)
2024-08-24 20:28:30,781 CRIT Supervisor is running as root.  Privileges were not dropped because no user is specified in the config file.  If you intend to run as root, you can set user=root in the config file to avoid this message.
2024-08-24 20:28:30,808 INFO supervisord started with pid 1
2024-08-24 20:28:31,821 INFO spawned: 'laravel-worker_00' with pid 7
2024-08-24 20:28:31,825 INFO spawned: 'php-fpm' with pid 8
2024-08-24 20:28:32,956 INFO success: laravel-worker_00 entered RUNNING state, process has stayed up for > than 1 seconds (startsecs)
2024-08-24 20:28:32,960 INFO success: php-fpm entered RUNNING state, process has stayed up for > than 1 seconds (startsecs)
2024-08-24 20:28:39,020 INFO exited: laravel-worker_00 (exit status 0; expected)
2024-08-24 20:28:40,038 INFO spawned: 'laravel-worker_00' with pid 15
2024-08-24 20:28:41,044 INFO success: laravel-worker_00 entered RUNNING state, process has stayed up for > than 1 seconds (startsecs)
2024-08-24 20:28:47,583 INFO exited: laravel-worker_00 (exit status 0; expected)
2024-08-24 20:28:48,589 INFO spawned: 'laravel-worker_00' with pid 20
2024-08-24 20:28:49,592 INFO success: laravel-worker_00 entered RUNNING state, process has stayed up for > than 1 seconds (startsecs)
2024-08-24 20:41:18,124 CRIT Supervisor is running as root.  Privileges were not dropped because no user is specified in the config file.  If you intend to run as root, you can set user=root in the config file to avoid this message.
2024-08-24 20:41:18,128 INFO supervisord started with pid 186
2024-08-24 20:41:19,146 INFO spawned: 'laravel-worker_00' with pid 187
2024-08-24 20:41:19,161 INFO spawned: 'php-fpm' with pid 188
2024-08-24 20:41:20,219 INFO success: laravel-worker_00 entered RUNNING state, process has stayed up for > than 1 seconds (startsecs)
2024-08-24 20:41:20,220 INFO success: php-fpm entered RUNNING state, process has stayed up for > than 1 seconds (startsecs)
2024-08-24 20:44:37,987 WARN received SIGINT indicating exit request
2024-08-24 20:44:37,992 INFO waiting for laravel-worker_00, php-fpm to die
2024-08-24 20:44:39,028 INFO stopped: php-fpm (exit status 0)
2024-08-24 20:44:40,042 WARN stopped: laravel-worker_00 (terminated by SIGTERM)
2024-08-24 20:45:08,683 WARN received SIGQUIT indicating exit request
2024-08-24 20:45:08,686 INFO waiting for laravel-worker_00, php-fpm to die
2024-08-24 20:45:08,699 INFO stopped: php-fpm (exit status 0)
2024-08-24 20:45:09,709 WARN stopped: laravel-worker_00 (terminated by SIGTERM)
2024-08-24 20:47:17,349 CRIT Supervisor is running as root.  Privileges were not dropped because no user is specified in the config file.  If you intend to run as root, you can set user=root in the config file to avoid this message.
2024-08-24 20:47:17,371 INFO supervisord started with pid 1
2024-08-24 20:47:18,392 INFO spawned: 'laravel-worker_00' with pid 7
2024-08-24 20:47:18,398 INFO spawned: 'php-fpm' with pid 8
2024-08-24 20:47:19,488 INFO success: laravel-worker_00 entered RUNNING state, process has stayed up for > than 1 seconds (startsecs)
2024-08-24 20:47:19,495 INFO success: php-fpm entered RUNNING state, process has stayed up for > than 1 seconds (startsecs)
2024-08-24 20:47:30,207 INFO exited: laravel-worker_00 (exit status 0; expected)
2024-08-24 20:47:31,219 INFO spawned: 'laravel-worker_00' with pid 15
2024-08-24 20:47:32,247 INFO success: laravel-worker_00 entered RUNNING state, process has stayed up for > than 1 seconds (startsecs)
2024-08-24 20:47:37,064 INFO exited: laravel-worker_00 (exit status 0; expected)
2024-08-24 20:47:38,108 INFO spawned: 'laravel-worker_00' with pid 20
2024-08-24 20:47:39,122 INFO success: laravel-worker_00 entered RUNNING state, process has stayed up for > than 1 seconds (startsecs)
2024-08-24 20:56:48,657 CRIT Supervisor is running as root.  Privileges were not dropped because no user is specified in the config file.  If you intend to run as root, you can set user=root in the config file to avoid this message.
2024-08-24 20:56:48,661 INFO supervisord started with pid 39
2024-08-24 20:56:49,670 INFO spawned: 'laravel-worker_00' with pid 40
2024-08-24 20:56:49,676 INFO spawned: 'php-fpm' with pid 41
2024-08-24 20:56:50,754 INFO success: laravel-worker_00 entered RUNNING state, process has stayed up for > than 1 seconds (startsecs)
2024-08-24 20:56:50,755 INFO success: php-fpm entered RUNNING state, process has stayed up for > than 1 seconds (startsecs)
2024-08-24 20:57:28,891 WARN received SIGINT indicating exit request
2024-08-24 20:57:28,894 INFO waiting for laravel-worker_00, php-fpm to die
2024-08-24 20:57:29,916 INFO stopped: php-fpm (exit status 0)
2024-08-24 20:57:30,931 WARN stopped: laravel-worker_00 (terminated by SIGTERM)
2024-08-24 20:58:01,521 CRIT Supervisor is running as root.  Privileges were not dropped because no user is specified in the config file.  If you intend to run as root, you can set user=root in the config file to avoid this message.
2024-08-24 20:58:01,524 INFO supervisord started with pid 49
2024-08-24 20:58:02,537 INFO spawned: 'laravel-worker_00' with pid 50
2024-08-24 20:58:02,544 INFO spawned: 'php-fpm' with pid 51
2024-08-24 20:58:03,598 INFO success: laravel-worker_00 entered RUNNING state, process has stayed up for > than 1 seconds (startsecs)
2024-08-24 20:58:03,599 INFO success: php-fpm entered RUNNING state, process has stayed up for > than 1 seconds (startsecs)
2024-08-24 20:58:16,642 WARN received SIGINT indicating exit request
2024-08-24 20:58:16,645 INFO waiting for laravel-worker_00, php-fpm to die
2024-08-24 20:58:16,656 INFO stopped: php-fpm (exit status 0)
2024-08-24 20:58:17,672 WARN stopped: laravel-worker_00 (terminated by SIGTERM)
2024-08-24 21:02:21,447 CRIT Supervisor is running as root.  Privileges were not dropped because no user is specified in the config file.  If you intend to run as root, you can set user=root in the config file to avoid this message.
2024-08-24 21:02:21,451 INFO supervisord started with pid 60
2024-08-24 21:02:22,459 INFO spawned: 'laravel-worker_00' with pid 61
2024-08-24 21:02:22,465 INFO spawned: 'php-fpm' with pid 62
2024-08-24 21:02:23,518 INFO success: laravel-worker_00 entered RUNNING state, process has stayed up for > than 1 seconds (startsecs)
2024-08-24 21:02:23,519 INFO success: php-fpm entered RUNNING state, process has stayed up for > than 1 seconds (startsecs)
2024-08-24 21:02:37,562 WARN received SIGINT indicating exit request
2024-08-24 21:02:37,564 INFO waiting for laravel-worker_00, php-fpm to die
2024-08-24 21:02:37,574 INFO stopped: php-fpm (exit status 0)
2024-08-24 21:02:38,590 WARN stopped: laravel-worker_00 (terminated by SIGTERM)
2024-08-24 21:03:51,476 CRIT Supervisor is running as root.  Privileges were not dropped because no user is specified in the config file.  If you intend to run as root, you can set user=root in the config file to avoid this message.
2024-08-24 21:03:51,480 INFO supervisord started with pid 70
2024-08-24 21:03:52,488 INFO spawned: 'laravel-worker_00' with pid 71
2024-08-24 21:03:52,494 INFO spawned: 'php-fpm' with pid 72
2024-08-24 21:03:53,550 INFO success: laravel-worker_00 entered RUNNING state, process has stayed up for > than 1 seconds (startsecs)
2024-08-24 21:03:53,551 INFO success: php-fpm entered RUNNING state, process has stayed up for > than 1 seconds (startsecs)
2024-08-24 21:04:00,579 WARN received SIGINT indicating exit request
2024-08-24 21:04:00,581 INFO waiting for laravel-worker_00, php-fpm to die
2024-08-24 21:04:00,592 INFO stopped: php-fpm (exit status 0)
2024-08-24 21:04:01,599 WARN stopped: laravel-worker_00 (terminated by SIGTERM)
2024-08-24 21:04:14,235 CRIT Supervisor is running as root.  Privileges were not dropped because no user is specified in the config file.  If you intend to run as root, you can set user=root in the config file to avoid this message.
2024-08-24 21:04:14,237 INFO supervisord started with pid 79
2024-08-24 21:04:15,246 INFO spawned: 'laravel-worker_00' with pid 80
2024-08-24 21:04:15,253 INFO spawned: 'php-fpm' with pid 81
2024-08-24 21:04:16,316 INFO success: laravel-worker_00 entered RUNNING state, process has stayed up for > than 1 seconds (startsecs)
2024-08-24 21:04:16,317 INFO success: php-fpm entered RUNNING state, process has stayed up for > than 1 seconds (startsecs)
2024-08-24 21:05:48,677 WARN received SIGINT indicating exit request
2024-08-24 21:05:48,683 INFO waiting for laravel-worker_00, php-fpm to die
2024-08-24 21:05:49,717 INFO stopped: php-fpm (exit status 0)
2024-08-24 21:05:50,725 WARN stopped: laravel-worker_00 (terminated by SIGTERM)
2024-08-24 21:08:00,691 CRIT Supervisor is running as root.  Privileges were not dropped because no user is specified in the config file.  If you intend to run as root, you can set user=root in the config file to avoid this message.
2024-08-24 21:08:00,694 INFO supervisord started with pid 90
2024-08-24 21:08:01,711 INFO spawned: 'laravel-worker_00' with pid 91
2024-08-24 21:08:01,717 INFO spawned: 'php-fpm' with pid 92
2024-08-24 21:08:02,770 INFO success: laravel-worker_00 entered RUNNING state, process has stayed up for > than 1 seconds (startsecs)
2024-08-24 21:08:02,771 INFO success: php-fpm entered RUNNING state, process has stayed up for > than 1 seconds (startsecs)
2024-08-24 21:08:10,791 WARN received SIGINT indicating exit request
2024-08-24 21:08:10,793 INFO waiting for laravel-worker_00, php-fpm to die
2024-08-24 21:08:10,819 INFO stopped: php-fpm (exit status 0)
2024-08-24 21:08:10,823 WARN stopped: laravel-worker_00 (terminated by SIGTERM)
2024-08-24 21:08:18,525 CRIT Supervisor is running as root.  Privileges were not dropped because no user is specified in the config file.  If you intend to run as root, you can set user=root in the config file to avoid this message.
2024-08-24 21:08:18,527 INFO supervisord started with pid 99
2024-08-24 21:08:19,539 INFO spawned: 'laravel-worker_00' with pid 100
2024-08-24 21:08:19,548 INFO spawned: 'php-fpm' with pid 101
2024-08-24 21:08:20,612 INFO success: laravel-worker_00 entered RUNNING state, process has stayed up for > than 1 seconds (startsecs)
2024-08-24 21:08:20,613 INFO success: php-fpm entered RUNNING state, process has stayed up for > than 1 seconds (startsecs)
2024-08-24 21:08:27,644 WARN received SIGINT indicating exit request
2024-08-24 21:08:27,647 INFO waiting for laravel-worker_00, php-fpm to die
2024-08-24 21:08:27,671 INFO stopped: php-fpm (exit status 0)
2024-08-24 21:08:28,680 WARN stopped: laravel-worker_00 (terminated by SIGTERM)
2024-08-24 21:12:07,688 CRIT Supervisor is running as root.  Privileges were not dropped because no user is specified in the config file.  If you intend to run as root, you can set user=root in the config file to avoid this message.
2024-08-24 21:12:07,691 INFO supervisord started with pid 115
2024-08-24 21:12:08,701 INFO spawned: 'laravel-worker_00' with pid 116
2024-08-24 21:12:08,706 INFO spawned: 'php-fpm' with pid 117
2024-08-24 21:12:09,776 INFO success: laravel-worker_00 entered RUNNING state, process has stayed up for > than 1 seconds (startsecs)
2024-08-24 21:12:09,778 INFO success: php-fpm entered RUNNING state, process has stayed up for > than 1 seconds (startsecs)
2024-08-24 21:12:17,816 WARN received SIGINT indicating exit request
2024-08-24 21:12:17,819 INFO waiting for laravel-worker_00, php-fpm to die
2024-08-24 21:12:17,830 INFO stopped: php-fpm (exit status 0)
2024-08-24 21:12:18,841 WARN stopped: laravel-worker_00 (terminated by SIGTERM)
2024-08-24 21:29:20,937 WARN received SIGQUIT indicating exit request
2024-08-24 21:29:20,940 INFO waiting for laravel-worker_00, php-fpm to die
2024-08-24 21:29:20,952 INFO stopped: php-fpm (exit status 0)
2024-08-24 21:29:21,962 WARN stopped: laravel-worker_00 (terminated by SIGTERM)
